[2025-05-22 20:23:07,028] ERROR [FUNC:- log_exception] 
Traceback (most recent call last):
  File "C:\Users\User\OneDrive\Desktop\Project\Invoice Management Django\Backend\invoice-management-backend\env\Lib\site-packages\django\core\handlers\base.py", line 197, in _get_response
    response = wrapped_callback(request, *callback_args, **callback_kwargs)
  File "C:\Users\User\OneDrive\Desktop\Project\Invoice Management Django\Backend\invoice-management-backend\env\Lib\site-packages\django\views\decorators\csrf.py", line 65, in _view_wrapper
    return view_func(request, *args, **kwargs)
  File "C:\Users\User\OneDrive\Desktop\Project\Invoice Management Django\Backend\invoice-management-backend\env\Lib\site-packages\rest_framework\viewsets.py", line 125, in view
    return self.dispatch(request, *args, **kwargs)
           ~~~~~~~~~~~~~^^^^^^^^^^^^^^^^^^^^^^^^^^
  File "C:\Users\User\OneDrive\Desktop\Project\Invoice Management Django\Backend\invoice-management-backend\env\Lib\site-packages\rest_framework\views.py", line 515, in dispatch
    response = self.handle_exception(exc)
  File "C:\Users\User\OneDrive\Desktop\Project\Invoice Management Django\Backend\invoice-management-backend\env\Lib\site-packages\rest_framework\views.py", line 475, in handle_exception
    self.raise_uncaught_exception(exc)
    ~~~~~~~~~~~~~~~~~~~~~~~~~~~~~^^^^^
  File "C:\Users\User\OneDrive\Desktop\Project\Invoice Management Django\Backend\invoice-management-backend\env\Lib\site-packages\rest_framework\views.py", line 486, in raise_uncaught_exception
    raise exc
  File "C:\Users\User\OneDrive\Desktop\Project\Invoice Management Django\Backend\invoice-management-backend\env\Lib\site-packages\rest_framework\views.py", line 512, in dispatch
    response = handler(request, *args, **kwargs)
  File "C:\Users\User\OneDrive\Desktop\Project\Invoice Management Django\Backend\invoice-management-backend\base\views\create.py", line 129, in create
    obj = self.manager.create(data, many=self.many)
  File "C:\Users\User\OneDrive\Desktop\Project\Invoice Management Django\Backend\invoice-management-backend\base\db_access\manager.py", line 343, in create
    return self.model.objects.create(**data)
           ~~~~~~~~~~~~~~~~~~~~~~~~~^^^^^^^^
  File "C:\Users\User\OneDrive\Desktop\Project\Invoice Management Django\Backend\invoice-management-backend\env\Lib\site-packages\django\db\models\manager.py", line 87, in manager_method
    return getattr(self.get_queryset(), name)(*args, **kwargs)
           ~~~~~~~~~~~~~~~~~~~~~~~~~~~~~~~~~~^^^^^^^^^^^^^^^^^
  File "C:\Users\User\OneDrive\Desktop\Project\Invoice Management Django\Backend\invoice-management-backend\env\Lib\site-packages\django\db\models\query.py", line 661, in create
    obj = self.model(**kwargs)
  File "C:\Users\User\OneDrive\Desktop\Project\Invoice Management Django\Backend\invoice-management-backend\env\Lib\site-packages\django\db\models\base.py", line 545, in __init__
    _setattr(self, field.name, rel_obj)
    ~~~~~~~~^^^^^^^^^^^^^^^^^^^^^^^^^^^
  File "C:\Users\User\OneDrive\Desktop\Project\Invoice Management Django\Backend\invoice-management-backend\env\Lib\site-packages\django\db\models\fields\related_descriptors.py", line 288, in __set__
    raise ValueError(
    ...<7 lines>...
    )
ValueError: Cannot assign "UUID('08759db3-aa9c-47c6-9ff0-a88b77e26091')": "Invoice.customer" must be a "Customer" instance.

---------------------------------------------------------------------------------------------------------------------
[2025-05-22 20:34:44,850] ERROR [FUNC:- log_exception] 
Traceback (most recent call last):
  File "C:\Users\User\OneDrive\Desktop\Project\Invoice Management Django\Backend\invoice-management-backend\env\Lib\site-packages\django\core\handlers\base.py", line 197, in _get_response
    response = wrapped_callback(request, *callback_args, **callback_kwargs)
  File "C:\Users\User\OneDrive\Desktop\Project\Invoice Management Django\Backend\invoice-management-backend\env\Lib\site-packages\django\views\decorators\csrf.py", line 65, in _view_wrapper
    return view_func(request, *args, **kwargs)
  File "C:\Users\User\OneDrive\Desktop\Project\Invoice Management Django\Backend\invoice-management-backend\env\Lib\site-packages\rest_framework\viewsets.py", line 125, in view
    return self.dispatch(request, *args, **kwargs)
           ~~~~~~~~~~~~~^^^^^^^^^^^^^^^^^^^^^^^^^^
  File "C:\Users\User\OneDrive\Desktop\Project\Invoice Management Django\Backend\invoice-management-backend\env\Lib\site-packages\rest_framework\views.py", line 515, in dispatch
    response = self.handle_exception(exc)
  File "C:\Users\User\OneDrive\Desktop\Project\Invoice Management Django\Backend\invoice-management-backend\env\Lib\site-packages\rest_framework\views.py", line 475, in handle_exception
    self.raise_uncaught_exception(exc)
    ~~~~~~~~~~~~~~~~~~~~~~~~~~~~~^^^^^
  File "C:\Users\User\OneDrive\Desktop\Project\Invoice Management Django\Backend\invoice-management-backend\env\Lib\site-packages\rest_framework\views.py", line 486, in raise_uncaught_exception
    raise exc
  File "C:\Users\User\OneDrive\Desktop\Project\Invoice Management Django\Backend\invoice-management-backend\env\Lib\site-packages\rest_framework\views.py", line 512, in dispatch
    response = handler(request, *args, **kwargs)
  File "C:\Users\User\OneDrive\Desktop\Project\Invoice Management Django\Backend\invoice-management-backend\base\views\create.py", line 129, in create
    obj = self.manager.create(data, many=self.many)
  File "C:\Users\User\OneDrive\Desktop\Project\Invoice Management Django\Backend\invoice-management-backend\base\db_access\manager.py", line 343, in create
    return self.model.objects.create(**data)
           ~~~~~~~~~~~~~~~~~~~~~~~~~^^^^^^^^
  File "C:\Users\User\OneDrive\Desktop\Project\Invoice Management Django\Backend\invoice-management-backend\env\Lib\site-packages\django\db\models\manager.py", line 87, in manager_method
    return getattr(self.get_queryset(), name)(*args, **kwargs)
           ~~~~~~~~~~~~~~~~~~~~~~~~~~~~~~~~~~^^^^^^^^^^^^^^^^^
  File "C:\Users\User\OneDrive\Desktop\Project\Invoice Management Django\Backend\invoice-management-backend\env\Lib\site-packages\django\db\models\query.py", line 661, in create
    obj = self.model(**kwargs)
  File "C:\Users\User\OneDrive\Desktop\Project\Invoice Management Django\Backend\invoice-management-backend\env\Lib\site-packages\django\db\models\base.py", line 545, in __init__
    _setattr(self, field.name, rel_obj)
    ~~~~~~~~^^^^^^^^^^^^^^^^^^^^^^^^^^^
  File "C:\Users\User\OneDrive\Desktop\Project\Invoice Management Django\Backend\invoice-management-backend\env\Lib\site-packages\django\db\models\fields\related_descriptors.py", line 288, in __set__
    raise ValueError(
    ...<7 lines>...
    )
ValueError: Cannot assign "UUID('08759db3-aa9c-47c6-9ff0-a88b77e26091')": "Invoice.customer" must be a "Customer" instance.

---------------------------------------------------------------------------------------------------------------------
